mode: set
wails-app/backend/filter/classifier.go:98.22,101.42 2 1
wails-app/backend/filter/classifier.go:101.42,103.33 2 1
wails-app/backend/filter/classifier.go:103.33,105.23 2 1
wails-app/backend/filter/classifier.go:105.23,107.5 1 1
wails-app/backend/filter/classifier.go:110.3,110.26 1 1
wails-app/backend/filter/classifier.go:110.26,112.35 2 1
wails-app/backend/filter/classifier.go:112.35,113.30 1 1
wails-app/backend/filter/classifier.go:113.30,115.6 1 1
wails-app/backend/filter/classifier.go:117.4,117.29 1 1
wails-app/backend/filter/classifier.go:117.29,119.5 1 1
wails-app/backend/filter/classifier.go:120.4,120.34 1 1
wails-app/backend/filter/classifier.go:125.43,128.50 2 1
wails-app/backend/filter/classifier.go:128.50,130.3 1 1
wails-app/backend/filter/classifier.go:132.2,135.44 3 1
wails-app/backend/filter/classifier.go:135.44,137.24 2 1
wails-app/backend/filter/classifier.go:137.24,140.4 2 1
wails-app/backend/filter/classifier.go:143.2,143.21 1 1
wails-app/backend/filter/filter.go:31.47,32.37 1 1
wails-app/backend/filter/filter.go:32.37,34.3 1 1
wails-app/backend/filter/filter.go:35.2,36.30 2 1
wails-app/backend/filter/filter.go:36.30,40.3 3 1
wails-app/backend/filter/filter.go:41.2,41.30 1 1
wails-app/backend/filter/filter.go:41.30,43.3 1 1
wails-app/backend/filter/filter.go:44.2,44.82 1 1
wails-app/backend/filter/filter.go:47.34,50.2 2 1
wails-app/backend/filter/filter.go:52.36,54.2 1 1
wails-app/backend/filter/filter.go:56.59,60.23 3 1
wails-app/backend/filter/filter.go:60.23,61.56 1 1
wails-app/backend/filter/filter.go:61.56,63.4 1 1
wails-app/backend/filter/filter.go:65.2,65.33 1 1
wails-app/backend/filter/filter.go:65.33,68.3 2 1
wails-app/backend/filter/filter.go:71.2,72.28 2 1
wails-app/backend/filter/filter.go:72.28,75.3 2 1
wails-app/backend/filter/filter.go:78.2,79.31 2 1
wails-app/backend/filter/filter.go:79.31,82.3 2 1
wails-app/backend/filter/filter.go:84.2,85.51 2 1
wails-app/backend/embeddings.go:32.77,34.16 2 1
wails-app/backend/embeddings.go:34.16,36.3 1 0
wails-app/backend/embeddings.go:38.2,39.16 2 1
wails-app/backend/embeddings.go:39.16,41.3 1 0
wails-app/backend/embeddings.go:42.2,44.38 2 1
wails-app/backend/embeddings.go:44.38,46.3 1 1
wails-app/backend/embeddings.go:48.2,48.62 1 1
wails-app/backend/embeddings.go:48.62,50.3 1 0
wails-app/backend/embeddings.go:52.2,54.16 3 1
wails-app/backend/embeddings.go:54.16,56.3 1 0
wails-app/backend/embeddings.go:58.2,60.16 3 1
wails-app/backend/embeddings.go:60.16,63.3 2 0
wails-app/backend/embeddings.go:65.2,65.49 1 1
wails-app/backend/embeddings.go:65.49,68.3 2 0
wails-app/backend/embeddings.go:70.2,70.12 1 1
wails-app/backend/embeddings.go:73.54,78.52 4 0
wails-app/backend/embeddings.go:78.52,80.94 2 0
wails-app/backend/embeddings.go:80.94,82.4 1 0
wails-app/backend/embeddings.go:85.2,85.54 1 0
wails-app/backend/embeddings.go:85.54,87.92 2 0
wails-app/backend/embeddings.go:87.92,89.4 1 0
wails-app/backend/embeddings.go:92.2,92.32 1 0
wails-app/backend/embeddings.go:95.23,96.21 1 1
wails-app/backend/embeddings.go:96.21,102.35 2 1
wails-app/backend/embeddings.go:102.35,103.43 1 1
wails-app/backend/embeddings.go:103.43,105.10 2 0
wails-app/backend/embeddings.go:109.3,109.64 1 1
wails-app/backend/embeddings.go:109.64,112.4 2 1
wails-app/backend/embeddings.go:114.3,115.17 2 0
wails-app/backend/embeddings.go:115.17,123.31 3 0
wails-app/backend/embeddings.go:123.31,124.37 1 0
wails-app/backend/embeddings.go:124.37,126.11 2 0
wails-app/backend/embeddings.go:130.4,134.33 2 0
wails-app/backend/embeddings.go:134.33,135.37 1 0
wails-app/backend/embeddings.go:135.37,137.11 2 0
wails-app/backend/embeddings.go:144.3,146.21 3 0
wails-app/backend/embeddings.go:146.21,149.4 2 0
wails-app/backend/embeddings.go:151.3,154.24 2 0
wails-app/backend/embeddings.go:154.24,157.4 2 0
wails-app/backend/embeddings.go:159.3,160.62 2 0
wails-app/backend/embeddings.go:164.47,167.33 2 0
wails-app/backend/embeddings.go:167.33,169.3 1 0
wails-app/backend/embeddings.go:172.2,173.16 2 0
wails-app/backend/embeddings.go:173.16,176.3 2 0
wails-app/backend/embeddings.go:178.2,187.28 6 0
wails-app/backend/embeddings.go:187.28,191.3 3 0
wails-app/backend/embeddings.go:193.2,206.16 12 0
wails-app/backend/embeddings.go:206.16,209.3 2 0
wails-app/backend/embeddings.go:212.2,216.37 3 0
wails-app/backend/embeddings.go:216.37,217.40 1 0
wails-app/backend/embeddings.go:217.40,219.4 1 0
wails-app/backend/embeddings.go:222.2,222.39 1 0
wails-app/backend/embeddings.go:222.39,224.3 1 0
wails-app/backend/embeddings.go:227.2,228.39 2 0
wails-app/backend/embeddings.go:228.39,230.3 1 0
wails-app/backend/embeddings.go:232.2,233.39 2 0
wails-app/backend/embeddings.go:233.39,235.3 1 0
wails-app/backend/embeddings.go:237.2,237.15 1 0
wails-app/backend/vector_db.go:31.52,35.16 3 1
wails-app/backend/vector_db.go:35.16,37.3 1 0
wails-app/backend/vector_db.go:40.2,42.29 3 1
wails-app/backend/vector_db.go:42.29,44.42 2 0
wails-app/backend/vector_db.go:44.42,48.4 3 0
wails-app/backend/vector_db.go:52.2,58.16 2 1
wails-app/backend/vector_db.go:58.16,60.3 1 0
wails-app/backend/vector_db.go:63.2,68.16 2 1
wails-app/backend/vector_db.go:68.16,70.3 1 0
wails-app/backend/vector_db.go:72.2,72.31 1 1
wails-app/backend/vector_db.go:76.34,78.2 1 1
wails-app/backend/vector_db.go:81.56,84.2 2 1
wails-app/backend/vector_db.go:86.55,91.24 2 1
wails-app/backend/vector_db.go:91.24,93.3 1 1
wails-app/backend/vector_db.go:94.2,94.17 1 1
wails-app/backend/vector_db.go:98.88,99.39 1 1
wails-app/backend/vector_db.go:99.39,101.3 1 1
wails-app/backend/vector_db.go:104.2,105.16 2 1
wails-app/backend/vector_db.go:105.16,107.3 1 0
wails-app/backend/vector_db.go:110.2,111.16 2 1
wails-app/backend/vector_db.go:111.16,113.3 1 0
wails-app/backend/vector_db.go:114.2,118.16 3 1
wails-app/backend/vector_db.go:118.16,120.3 1 0
wails-app/backend/vector_db.go:124.2,126.16 3 1
wails-app/backend/vector_db.go:126.16,128.3 1 0
wails-app/backend/vector_db.go:131.2,132.16 2 1
wails-app/backend/vector_db.go:132.16,134.3 1 0
wails-app/backend/vector_db.go:136.2,136.20 1 1
wails-app/backend/vector_db.go:140.93,141.35 1 1
wails-app/backend/vector_db.go:141.35,143.3 1 1
wails-app/backend/vector_db.go:145.2,146.16 2 1
wails-app/backend/vector_db.go:146.16,148.3 1 0
wails-app/backend/vector_db.go:150.2,160.16 2 1
wails-app/backend/vector_db.go:160.16,162.3 1 0
wails-app/backend/vector_db.go:163.2,166.18 3 1
wails-app/backend/vector_db.go:166.18,168.74 2 1
wails-app/backend/vector_db.go:168.74,170.4 1 0
wails-app/backend/vector_db.go:171.3,171.33 1 1
wails-app/backend/vector_db.go:174.2,174.35 1 1
wails-app/backend/vector_db.go:174.35,176.3 1 0
wails-app/backend/vector_db.go:178.2,178.21 1 1
wails-app/backend/vector_db.go:187.93,189.37 2 1
wails-app/backend/vector_db.go:189.37,191.3 1 1
wails-app/backend/vector_db.go:195.2,195.45 1 1
wails-app/backend/vector_db.go:195.45,197.3 1 1
wails-app/backend/vector_db.go:199.2,200.75 2 1
wails-app/backend/vector_db.go:200.75,201.45 1 1
wails-app/backend/vector_db.go:201.45,203.4 1 1
wails-app/backend/vector_db.go:206.2,206.18 1 1
wails-app/backend/vector_db.go:213.57,215.33 2 1
wails-app/backend/vector_db.go:215.33,217.3 1 1
wails-app/backend/vector_db.go:219.2,225.57 3 1
wails-app/backend/vector_db.go:229.35,232.16 3 0
wails-app/backend/vector_db.go:232.16,234.3 1 0
wails-app/backend/vector_db.go:235.2,235.14 1 0
wails-app/backend/vector_db.go:244.55,246.16 2 0
wails-app/backend/vector_db.go:246.16,248.3 1 0
wails-app/backend/vector_db.go:249.2,252.18 3 0
wails-app/backend/vector_db.go:252.18,254.40 2 0
wails-app/backend/vector_db.go:254.40,256.4 1 0
wails-app/backend/vector_db.go:258.2,258.19 1 0
wails-app/backend/vector_db.go:262.48,264.16 2 0
wails-app/backend/vector_db.go:264.16,266.3 1 0
wails-app/backend/vector_db.go:267.2,271.16 4 0
wails-app/backend/vector_db.go:271.16,273.3 1 0
wails-app/backend/vector_db.go:274.2,275.20 2 0
wails-app/backend/vector_db.go:279.37,281.16 2 0
wails-app/backend/vector_db.go:281.16,283.3 1 0
wails-app/backend/vector_db.go:284.2,288.20 4 0
wails-app/backend/audio/capture.go:29.40,31.2 1 1
wails-app/backend/audio/capture.go:34.44,38.21 3 1
wails-app/backend/audio/capture.go:38.21,40.3 1 1
wails-app/backend/audio/capture.go:42.2,42.81 1 1
wails-app/backend/audio/capture.go:42.81,44.3 1 1
wails-app/backend/audio/capture.go:45.2,45.16 1 1
wails-app/backend/audio/capture.go:45.16,47.3 1 0
wails-app/backend/audio/capture.go:49.2,51.12 3 1
wails-app/backend/audio/capture.go:55.43,59.22 3 1
wails-app/backend/audio/capture.go:59.22,61.3 1 1
wails-app/backend/audio/capture.go:63.2,65.18 2 1
wails-app/backend/audio/capture.go:65.18,68.3 2 1
wails-app/backend/audio/capture.go:69.2,70.12 2 1
wails-app/backend/audio/capture.go:74.61,78.22 3 1
wails-app/backend/audio/capture.go:78.22,80.3 1 1
wails-app/backend/audio/capture.go:83.2,84.16 2 1
wails-app/backend/audio/capture.go:84.16,86.3 1 0
wails-app/backend/audio/capture.go:89.2,90.16 2 1
wails-app/backend/audio/capture.go:90.16,92.3 1 0
wails-app/backend/audio/capture.go:94.2,98.38 3 1
wails-app/backend/audio/capture.go:98.38,106.3 2 1
wails-app/backend/audio/capture.go:109.2,109.39 1 1
wails-app/backend/audio/capture.go:109.39,117.3 2 1
wails-app/backend/audio/capture.go:119.2,119.26 1 1
wails-app/backend/audio/capture.go:125.101,129.22 3 1
wails-app/backend/audio/capture.go:129.22,131.3 1 1
wails-app/backend/audio/capture.go:133.2,141.16 6 1
wails-app/backend/audio/capture.go:141.16,146.3 4 0
wails-app/backend/audio/capture.go:149.2,149.52 1 1
wails-app/backend/audio/capture.go:149.52,151.3 1 1
wails-app/backend/audio/capture.go:152.2,152.19 1 0
wails-app/backend/audio/capture.go:152.19,154.17 2 0
wails-app/backend/audio/capture.go:154.17,156.4 1 0
wails-app/backend/audio/capture.go:156.9,158.4 1 0
wails-app/backend/audio/capture.go:161.2,162.79 2 0
wails-app/backend/audio/capture.go:162.79,164.3 1 0
wails-app/backend/audio/capture.go:166.2,171.16 3 0
wails-app/backend/audio/capture.go:171.16,173.3 1 0
wails-app/backend/audio/capture.go:175.2,176.16 2 0
wails-app/backend/audio/capture.go:176.16,179.3 2 0
wails-app/backend/audio/capture.go:181.2,182.12 2 0
wails-app/backend/audio/capture.go:186.45,190.22 3 1
wails-app/backend/audio/capture.go:190.22,192.3 1 1
wails-app/backend/audio/capture.go:194.2,194.32 1 1
wails-app/backend/audio/capture.go:198.53,199.21 1 1
wails-app/backend/audio/capture.go:199.21,203.3 3 0
wails-app/backend/audio/capture.go:204.2,204.12 1 1
wails-app/backend/audio/processor.go:21.66,23.62 2 1
wails-app/backend/audio/processor.go:23.62,24.61 1 1
wails-app/backend/audio/processor.go:24.61,26.4 1 1
wails-app/backend/audio/processor.go:28.2,32.3 1 1
wails-app/backend/audio/processor.go:35.56,36.29 1 1
wails-app/backend/audio/processor.go:36.29,38.3 1 1
wails-app/backend/audio/processor.go:40.2,42.35 3 1
wails-app/backend/audio/processor.go:42.35,45.3 2 1
wails-app/backend/audio/processor.go:47.2,48.28 2 1
wails-app/backend/audio/processor.go:48.28,50.3 1 1
wails-app/backend/audio/processor.go:51.2,52.22 2 1
wails-app/backend/audio/processor.go:52.22,54.3 1 1
wails-app/backend/audio/processor.go:56.2,59.18 3 1
wails-app/backend/audio/processor.go:59.18,62.3 2 1
wails-app/backend/audio/processor.go:64.2,66.35 2 1
wails-app/backend/audio/processor.go:66.35,69.3 2 1
wails-app/backend/audio/processor.go:69.8,69.123 1 1
wails-app/backend/audio/processor.go:69.123,72.3 2 1
wails-app/backend/audio/processor.go:74.2,74.17 1 1
wails-app/backend/audio/processor.go:74.17,85.3 7 1
wails-app/backend/session/session.go:29.42,34.2 1 1
wails-app/backend/session/session.go:37.56,44.2 5 1
wails-app/backend/session/session.go:47.53,52.2 3 1
wails-app/backend/session/session.go:55.48,59.69 3 1
wails-app/backend/session/session.go:59.69,61.3 1 1
wails-app/backend/session/session.go:63.2,64.47 2 1
wails-app/backend/session/session.go:64.47,66.3 1 1
wails-app/backend/session/session.go:68.2,86.14 7 1
wails-app/backend/session/session.go:90.56,95.19 4 1
wails-app/backend/session/session.go:95.19,97.3 1 1
wails-app/backend/session/session.go:99.2,99.18 1 1
wails-app/backend/session/session.go:99.18,101.3 1 1
wails-app/backend/session/session.go:103.2,105.15 3 1
wails-app/backend/session/session.go:109.59,118.2 3 1
wails-app/backend/session/session.go:121.35,129.2 6 1
wails-app/backend/llm/openai.go:16.53,17.38 1 1
wails-app/backend/llm/openai.go:17.38,19.3 1 1
wails-app/backend/llm/openai.go:20.2,20.19 1 1
wails-app/backend/llm/openai.go:46.83,48.3 1 1
wails-app/backend/llm/openai.go:72.109,73.15 1 1
wails-app/backend/llm/openai.go:73.15,74.20 1 1
wails-app/backend/llm/openai.go:74.20,76.4 1 1
wails-app/backend/llm/openai.go:79.2,80.18 2 1
wails-app/backend/llm/openai.go:80.18,82.3 1 1
wails-app/backend/llm/openai.go:83.2,86.38 3 1
wails-app/backend/llm/openai.go:86.38,88.3 1 1
wails-app/backend/llm/openai.go:89.2,91.18 2 1
wails-app/backend/llm/openai.go:91.18,93.3 1 1
wails-app/backend/llm/openai.go:95.2,122.16 3 1
wails-app/backend/llm/openai.go:122.16,124.3 1 1
wails-app/backend/llm/openai.go:126.2,127.16 2 1
wails-app/backend/llm/openai.go:127.16,129.3 1 1
wails-app/backend/llm/openai.go:131.2,136.16 5 1
wails-app/backend/llm/openai.go:136.16,138.3 1 1
wails-app/backend/llm/openai.go:139.2,141.38 2 1
wails-app/backend/llm/openai.go:141.38,143.3 1 1
wails-app/backend/llm/openai.go:145.2,149.21 4 1
wails-app/backend/llm/openai.go:149.21,153.17 3 1
wails-app/backend/llm/openai.go:153.17,154.12 1 1
wails-app/backend/llm/openai.go:157.3,157.40 1 1
wails-app/backend/llm/openai.go:157.40,159.24 2 1
wails-app/backend/llm/openai.go:159.24,160.10 1 1
wails-app/backend/llm/openai.go:163.4,164.63 2 1
wails-app/backend/llm/openai.go:164.63,165.13 1 1
wails-app/backend/llm/openai.go:168.4,168.30 1 1
wails-app/backend/llm/openai.go:168.30,171.39 3 1
wails-app/backend/llm/openai.go:171.39,172.93 1 1
wails-app/backend/llm/openai.go:172.93,175.7 2 1
wails-app/backend/llm/openai.go:181.2,183.38 2 1
wails-app/backend/llm/openai.go:183.38,185.3 1 1
wails-app/backend/llm/openai.go:187.2,187.12 1 1
wails-app/backend/llm/openai.go:190.136,191.15 1 1
wails-app/backend/llm/openai.go:191.15,192.20 1 1
wails-app/backend/llm/openai.go:192.20,194.4 1 1
wails-app/backend/llm/openai.go:197.2,198.18 2 1
wails-app/backend/llm/openai.go:198.18,200.3 1 1
wails-app/backend/llm/openai.go:201.2,204.38 3 1
wails-app/backend/llm/openai.go:204.38,206.3 1 1
wails-app/backend/llm/openai.go:207.2,221.16 8 1
wails-app/backend/llm/openai.go:221.16,223.3 1 1
wails-app/backend/llm/openai.go:225.2,226.16 2 1
wails-app/backend/llm/openai.go:226.16,228.3 1 1
wails-app/backend/llm/openai.go:230.2,236.16 6 1
wails-app/backend/llm/openai.go:236.16,238.3 1 1
wails-app/backend/llm/openai.go:239.2,241.38 2 1
wails-app/backend/llm/openai.go:241.38,243.3 1 1
wails-app/backend/llm/openai.go:245.2,249.21 4 1
wails-app/backend/llm/openai.go:249.21,253.17 3 1
wails-app/backend/llm/openai.go:253.17,254.12 1 1
wails-app/backend/llm/openai.go:257.3,257.40 1 1
wails-app/backend/llm/openai.go:257.40,259.24 2 1
wails-app/backend/llm/openai.go:259.24,260.10 1 1
wails-app/backend/llm/openai.go:263.4,264.63 2 1
wails-app/backend/llm/openai.go:264.63,265.13 1 1
wails-app/backend/llm/openai.go:268.4,268.30 1 1
wails-app/backend/llm/openai.go:268.30,272.39 3 1
wails-app/backend/llm/openai.go:272.39,273.93 1 1
wails-app/backend/llm/openai.go:273.93,276.7 2 1
wails-app/backend/llm/openai.go:282.2,284.38 2 1
wails-app/backend/llm/openai.go:284.38,286.3 1 1
wails-app/backend/llm/openai.go:288.2,288.12 1 1
wails-app/backend/llm/openai.go:291.85,293.2 1 1
wails-app/backend/llm/prompts.go:51.48,52.97 1 1
wails-app/backend/llm/prompts.go:52.97,54.3 1 1
wails-app/backend/llm/prompts.go:55.2,55.28 1 1
wails-app/backend/llm/scorecard.go:29.80,31.9 2 1
wails-app/backend/llm/scorecard.go:31.9,35.3 1 1
wails-app/backend/llm/scorecard.go:37.2,40.22 2 1
wails-app/backend/llm/scorecard.go:40.22,41.31 1 1
wails-app/backend/llm/scorecard.go:41.31,43.11 2 1
wails-app/backend/llm/scorecard.go:43.11,44.13 1 0
wails-app/backend/llm/scorecard.go:46.4,49.133 3 1
wails-app/backend/llm/scorecard.go:51.8,51.55 1 1
wails-app/backend/llm/scorecard.go:51.55,55.17 2 1
wails-app/backend/llm/scorecard.go:55.17,57.58 2 1
wails-app/backend/llm/scorecard.go:57.58,58.41 1 1
wails-app/backend/llm/scorecard.go:58.41,62.6 3 1
wails-app/backend/llm/scorecard.go:67.2,68.22 2 1
wails-app/backend/llm/scorecard.go:68.22,70.3 1 1
wails-app/backend/llm/scorecard.go:72.2,100.79 4 1
wails-app/backend/llm/scorecard.go:100.79,102.3 1 1
wails-app/backend/llm/scorecard.go:102.13,102.14 0 1
wails-app/backend/llm/scorecard.go:104.2,104.16 1 1
wails-app/backend/llm/scorecard.go:104.16,106.3 1 1
wails-app/backend/llm/scorecard.go:109.2,110.42 2 1
wails-app/backend/llm/scorecard.go:110.42,113.3 2 1
wails-app/backend/llm/scorecard.go:113.8,113.45 1 1
wails-app/backend/llm/scorecard.go:113.45,116.3 2 0
wails-app/backend/llm/scorecard.go:117.2,120.67 3 1
wails-app/backend/llm/scorecard.go:120.67,122.3 1 1
wails-app/backend/llm/scorecard.go:124.2,124.24 1 1
wails-app/backend/remote/server.go:26.84,32.44 1 1
wails-app/backend/remote/server.go:32.44,34.5 1 1
wails-app/backend/remote/server.go:38.2,39.15 2 1
wails-app/backend/remote/server.go:39.15,41.3 1 1
wails-app/backend/remote/server.go:42.2,52.10 6 1
wails-app/backend/remote/server.go:55.75,56.33 1 1
wails-app/backend/remote/server.go:56.33,59.3 2 1
wails-app/backend/remote/server.go:61.2,61.29 1 1
wails-app/backend/remote/server.go:61.29,64.3 2 0
wails-app/backend/remote/server.go:66.2,68.20 3 1
wails-app/backend/remote/server.go:68.20,75.3 3 1
wails-app/backend/remote/server.go:77.2,78.16 2 0
wails-app/backend/remote/server.go:78.16,81.3 2 0
wails-app/backend/remote/server.go:84.2,89.49 4 0
wails-app/backend/remote/server.go:89.49,90.32 1 0
wails-app/backend/remote/server.go:90.32,92.9 2 0
wails-app/backend/remote/server.go:96.2,96.51 1 0
wails-app/backend/remote/server.go:96.51,97.55 1 0
wails-app/backend/remote/server.go:97.55,99.4 1 0
wails-app/backend/remote/server.go:101.3,106.68 2 0
wails-app/backend/remote/server.go:106.68,108.4 1 0
wails-app/backend/remote/server.go:111.2,115.4 2 0
wails-app/backend/remote/server.go:118.79,119.32 1 1
wails-app/backend/remote/server.go:119.32,122.3 2 1
wails-app/backend/remote/server.go:124.2,125.54 2 1
wails-app/backend/remote/server.go:125.54,127.3 1 1
wails-app/backend/remote/server.go:129.2,129.22 1 1
wails-app/backend/remote/server.go:129.22,131.3 1 0
wails-app/backend/remote/server.go:133.2,134.38 2 1
wails-app/backend/remote/server.go:137.77,138.33 1 1
wails-app/backend/remote/server.go:138.33,141.3 2 1
wails-app/backend/remote/server.go:143.2,143.29 1 1
wails-app/backend/remote/server.go:143.29,145.3 1 1
wails-app/backend/remote/server.go:147.2,150.4 2 1
wails-app/backend/remote/server.go:153.67,155.16 2 1
wails-app/backend/remote/server.go:155.16,158.3 2 1
wails-app/backend/remote/server.go:160.2,164.15 4 1
wails-app/backend/remote/server.go:164.15,169.3 4 1
wails-app/backend/remote/server.go:171.2,171.6 1 1
wails-app/backend/remote/server.go:171.6,174.17 2 1
wails-app/backend/remote/server.go:174.17,175.9 1 1
wails-app/backend/remote/server.go:180.26,181.12 1 1
wails-app/backend/remote/server.go:181.12,182.96 1 1
wails-app/backend/remote/server.go:182.96,184.4 1 1
wails-app/backend/remote/server.go:188.50,190.30 2 1
wails-app/backend/remote/server.go:190.30,192.3 1 1
wails-app/backend/remote/server.go:193.2,195.35 2 1
wails-app/backend/remote/server.go:198.61,201.30 3 1
wails-app/backend/remote/server.go:201.30,203.17 2 1
wails-app/backend/remote/server.go:203.17,207.4 3 0
wails-app/backend/system/downloader.go:27.56,30.40 3 1
wails-app/backend/system/downloader.go:30.40,32.3 1 1
wails-app/backend/system/downloader.go:33.2,33.15 1 1
wails-app/backend/system/downloader.go:37.83,38.28 1 1
wails-app/backend/system/downloader.go:38.28,40.3 1 1
wails-app/backend/system/downloader.go:42.2,43.16 2 1
wails-app/backend/system/downloader.go:43.16,45.3 1 0
wails-app/backend/system/downloader.go:47.2,52.67 4 1
wails-app/backend/system/downloader.go:52.67,54.3 1 1
wails-app/backend/system/downloader.go:57.2,57.53 1 1
wails-app/backend/system/downloader.go:57.53,59.3 1 0
wails-app/backend/system/downloader.go:61.2,64.16 3 1
wails-app/backend/system/downloader.go:64.16,66.3 1 1
wails-app/backend/system/downloader.go:69.2,70.16 2 1
wails-app/backend/system/downloader.go:70.16,72.3 1 0
wails-app/backend/system/downloader.go:75.2,75.24 1 1
wails-app/backend/system/downloader.go:78.128,80.34 2 1
wails-app/backend/system/downloader.go:80.34,82.17 2 1
wails-app/backend/system/downloader.go:82.17,84.4 1 1
wails-app/backend/system/downloader.go:85.3,87.10 2 1
wails-app/backend/system/downloader.go:88.21,89.20 1 1
wails-app/backend/system/downloader.go:90.38,90.38 0 1
wails-app/backend/system/downloader.go:93.2,93.83 1 1
wails-app/backend/system/downloader.go:96.103,98.16 2 1
wails-app/backend/system/downloader.go:98.16,100.3 1 1
wails-app/backend/system/downloader.go:102.2,103.16 2 1
wails-app/backend/system/downloader.go:103.16,105.3 1 1
wails-app/backend/system/downloader.go:106.2,108.38 2 1
wails-app/backend/system/downloader.go:108.38,110.3 1 1
wails-app/backend/system/downloader.go:112.2,114.16 3 1
wails-app/backend/system/downloader.go:114.16,116.3 1 1
wails-app/backend/system/downloader.go:118.2,125.16 4 1
wails-app/backend/system/downloader.go:125.16,128.3 2 0
wails-app/backend/system/downloader.go:130.2,130.49 1 1
wails-app/backend/system/downloader.go:130.49,133.3 2 0
wails-app/backend/system/downloader.go:135.2,135.12 1 1
wails-app/backend/system/downloader.go:138.48,140.16 2 1
wails-app/backend/system/downloader.go:140.16,142.3 1 1
wails-app/backend/system/downloader.go:143.2,145.27 2 1
wails-app/backend/system/downloader.go:145.27,148.79 2 1
wails-app/backend/system/downloader.go:148.79,150.4 1 1
wails-app/backend/system/downloader.go:152.3,152.27 1 1
wails-app/backend/system/downloader.go:152.27,154.12 2 1
wails-app/backend/system/downloader.go:157.3,157.70 1 1
wails-app/backend/system/downloader.go:157.70,159.4 1 0
wails-app/backend/system/downloader.go:161.3,162.17 2 1
wails-app/backend/system/downloader.go:162.17,164.4 1 0
wails-app/backend/system/downloader.go:166.3,167.17 2 1
wails-app/backend/system/downloader.go:167.17,170.4 2 0
wails-app/backend/system/downloader.go:172.3,177.17 4 1
wails-app/backend/system/downloader.go:177.17,179.4 1 0
wails-app/backend/system/downloader.go:181.2,181.12 1 1
wails-app/backend/system/profiler.go:13.37,15.17 2 1
wails-app/backend/system/profiler.go:15.17,17.4 1 0
wails-app/backend/system/profiler.go:18.3,18.22 1 1
wails-app/backend/system/profiler.go:24.33,26.44 1 1
wails-app/backend/system/profiler.go:26.44,28.3 1 1
wails-app/backend/system/profiler.go:31.2,31.35 1 1
wails-app/backend/system/profiler.go:31.35,33.3 1 1
wails-app/backend/system/profiler.go:36.2,37.16 2 1
wails-app/backend/system/profiler.go:37.16,40.3 1 1
wails-app/backend/system/profiler.go:42.2,43.23 2 1
wails-app/backend/system/profiler.go:43.23,45.3 1 1
wails-app/backend/system/profiler.go:47.2,47.13 1 1
