mode: set
wails-app/products/presenter/app.go:28.38,36.49 5 1
wails-app/products/presenter/app.go:36.49,38.3 1 1
wails-app/products/presenter/app.go:38.8,40.17 2 1
wails-app/products/presenter/app.go:40.17,42.4 1 1
wails-app/products/presenter/app.go:45.2,57.3 2 1
wails-app/products/presenter/app.go:61.122,63.2 1 1
wails-app/products/presenter/app.go:66.53,75.68 5 1
wails-app/products/presenter/app.go:75.68,77.3 1 1
wails-app/products/presenter/app.go:81.58,89.2 2 1
wails-app/products/presenter/app.go:92.37,94.2 1 1
wails-app/products/presenter/app.go:97.52,99.2 1 1
