mode: set
wails-app/adapters/events/capturing_adapter.go:19.65,21.2 1 1
wails-app/adapters/events/capturing_adapter.go:24.60,25.29 1 1
wails-app/adapters/events/capturing_adapter.go:25.29,26.21 1 1
wails-app/adapters/events/capturing_adapter.go:26.21,28.4 1 1
wails-app/adapters/events/capturing_adapter.go:30.2,30.14 1 1
wails-app/adapters/events/capturing_adapter.go:34.41,36.2 1 1
wails-app/adapters/events/noop_adapter.go:11.51,11.52 0 1
wails-app/adapters/events/wails_adapter_test_stub.go:15.67,17.2 1 0
wails-app/adapters/events/wails_adapter_test_stub.go:20.62,21.2 0 0
wails-app/adapters/cache/noop_adapter.go:12.74,12.94 1 1
wails-app/adapters/cache/noop_adapter.go:13.75,13.89 1 1
wails-app/adapters/cache/noop_adapter.go:14.75,14.87 1 1
wails-app/adapters/cache/noop_adapter.go:15.75,15.94 1 0
wails-app/adapters/cache/noop_adapter.go:16.93,16.107 1 0
wails-app/adapters/cache/noop_adapter.go:17.64,17.83 1 0
wails-app/adapters/cache/noop_adapter.go:18.65,18.79 1 0
wails-app/adapters/cache/noop_adapter.go:19.112,19.131 1 0
wails-app/adapters/cache/sqlitevec_adapter.go:14.66,16.2 1 1
wails-app/adapters/cache/sqlitevec_adapter.go:20.90,21.17 1 1
wails-app/adapters/cache/sqlitevec_adapter.go:21.17,23.3 1 1
wails-app/adapters/cache/sqlitevec_adapter.go:24.2,24.62 1 1
wails-app/adapters/cache/sqlitevec_adapter.go:28.65,29.17 1 1
wails-app/adapters/cache/sqlitevec_adapter.go:29.17,31.3 1 1
wails-app/adapters/cache/sqlitevec_adapter.go:32.2,32.37 1 1
wails-app/adapters/cache/sqlitevec_adapter.go:36.40,37.17 1 1
wails-app/adapters/cache/sqlitevec_adapter.go:37.17,39.3 1 1
wails-app/adapters/cache/sqlitevec_adapter.go:40.2,40.24 1 1
wails-app/adapters/cache/sqlitevec_adapter.go:44.71,45.17 1 1
wails-app/adapters/cache/sqlitevec_adapter.go:45.17,47.3 1 1
wails-app/adapters/cache/sqlitevec_adapter.go:48.2,48.27 1 1
wails-app/adapters/cache/sqlitevec_adapter.go:52.45,53.17 1 1
wails-app/adapters/cache/sqlitevec_adapter.go:53.17,55.3 1 1
wails-app/adapters/cache/sqlitevec_adapter.go:56.2,56.24 1 1
wails-app/adapters/cache/sqlitevec_adapter.go:60.56,61.17 1 1
wails-app/adapters/cache/sqlitevec_adapter.go:61.17,63.3 1 1
wails-app/adapters/cache/sqlitevec_adapter.go:64.2,64.28 1 1
wails-app/adapters/cache/sqlitevec_adapter.go:68.93,69.17 1 0
wails-app/adapters/cache/sqlitevec_adapter.go:69.17,71.3 1 0
wails-app/adapters/cache/sqlitevec_adapter.go:72.2,72.56 1 0
wails-app/adapters/cache/sqlitevec_adapter.go:76.64,77.17 1 0
wails-app/adapters/cache/sqlitevec_adapter.go:77.17,79.3 1 0
wails-app/adapters/cache/sqlitevec_adapter.go:80.2,80.31 1 0
wails-app/adapters/cache/sqlitevec_adapter.go:84.65,85.17 1 0
wails-app/adapters/cache/sqlitevec_adapter.go:85.17,87.3 1 0
wails-app/adapters/cache/sqlitevec_adapter.go:88.2,88.41 1 0
wails-app/adapters/cache/sqlitevec_adapter.go:92.112,93.17 1 0
wails-app/adapters/cache/sqlitevec_adapter.go:93.17,95.3 1 0
wails-app/adapters/cache/sqlitevec_adapter.go:96.2,97.16 2 0
wails-app/adapters/cache/sqlitevec_adapter.go:97.16,99.3 1 0
wails-app/adapters/cache/sqlitevec_adapter.go:100.2,101.30 2 0
wails-app/adapters/cache/sqlitevec_adapter.go:101.30,103.35 1 0
wails-app/adapters/cache/sqlitevec_adapter.go:103.35,105.4 1 0
wails-app/adapters/cache/sqlitevec_adapter.go:107.2,107.20 1 0
wails-app/adapters/llm/mock_adapter.go:22.9,24.18 2 1
wails-app/adapters/llm/mock_adapter.go:24.18,26.3 1 1
wails-app/adapters/llm/mock_adapter.go:27.2,27.31 1 1
wails-app/adapters/llm/mock_adapter.go:27.31,28.10 1 1
wails-app/adapters/llm/mock_adapter.go:29.21,30.20 1 0
wails-app/adapters/llm/mock_adapter.go:31.11,32.16 1 1
wails-app/adapters/llm/mock_adapter.go:35.2,36.12 2 1
wails-app/adapters/llm/mock_adapter.go:39.140,41.2 1 1
wails-app/adapters/llm/openai_adapter.go:11.40,13.2 1 1
wails-app/adapters/llm/openai_adapter.go:22.9,24.28 2 1
wails-app/adapters/llm/openai_adapter.go:24.28,26.3 1 1
wails-app/adapters/llm/openai_adapter.go:27.2,27.112 1 1
wails-app/adapters/llm/openai_adapter.go:36.9,38.2 1 1
wails-app/backend/embeddings.go:32.77,34.2 1 1
wails-app/backend/embeddings.go:36.54,41.52 4 1
wails-app/backend/embeddings.go:41.52,43.94 2 1
wails-app/backend/embeddings.go:43.94,45.103 2 0
wails-app/backend/embeddings.go:45.103,47.5 1 0
wails-app/backend/embeddings.go:51.2,51.54 1 1
wails-app/backend/embeddings.go:51.54,53.92 2 1
wails-app/backend/embeddings.go:53.92,55.101 2 0
wails-app/backend/embeddings.go:55.101,57.5 1 0
wails-app/backend/embeddings.go:61.2,61.32 1 1
wails-app/backend/embeddings.go:64.23,65.21 1 1
wails-app/backend/embeddings.go:65.21,71.35 2 1
wails-app/backend/embeddings.go:71.35,72.43 1 1
wails-app/backend/embeddings.go:72.43,74.10 2 0
wails-app/backend/embeddings.go:78.3,78.64 1 1
wails-app/backend/embeddings.go:78.64,81.4 2 1
wails-app/backend/embeddings.go:83.3,84.17 2 0
wails-app/backend/embeddings.go:84.17,92.31 3 0
wails-app/backend/embeddings.go:92.31,93.37 1 0
wails-app/backend/embeddings.go:93.37,95.11 2 0
wails-app/backend/embeddings.go:99.4,103.33 2 0
wails-app/backend/embeddings.go:103.33,104.37 1 0
wails-app/backend/embeddings.go:104.37,106.11 2 0
wails-app/backend/embeddings.go:113.3,115.21 3 0
wails-app/backend/embeddings.go:115.21,118.4 2 0
wails-app/backend/embeddings.go:120.3,123.24 2 0
wails-app/backend/embeddings.go:123.24,126.4 2 0
wails-app/backend/embeddings.go:128.3,129.62 2 0
wails-app/backend/embeddings.go:133.47,136.33 2 0
wails-app/backend/embeddings.go:136.33,138.3 1 0
wails-app/backend/embeddings.go:141.2,142.16 2 0
wails-app/backend/embeddings.go:142.16,145.3 2 0
wails-app/backend/embeddings.go:147.2,156.28 6 0
wails-app/backend/embeddings.go:156.28,160.3 3 0
wails-app/backend/embeddings.go:162.2,175.16 12 0
wails-app/backend/embeddings.go:175.16,178.3 2 0
wails-app/backend/embeddings.go:181.2,185.37 3 0
wails-app/backend/embeddings.go:185.37,186.40 1 0
wails-app/backend/embeddings.go:186.40,188.4 1 0
wails-app/backend/embeddings.go:191.2,191.39 1 0
wails-app/backend/embeddings.go:191.39,193.3 1 0
wails-app/backend/embeddings.go:196.2,197.39 2 0
wails-app/backend/embeddings.go:197.39,199.3 1 0
wails-app/backend/embeddings.go:201.2,202.39 2 0
wails-app/backend/embeddings.go:202.39,204.3 1 0
wails-app/backend/embeddings.go:206.2,206.15 1 0
wails-app/backend/vector_db.go:33.52,37.16 3 1
wails-app/backend/vector_db.go:37.16,39.3 1 0
wails-app/backend/vector_db.go:42.2,44.29 3 1
wails-app/backend/vector_db.go:44.29,46.42 2 0
wails-app/backend/vector_db.go:46.42,50.4 3 0
wails-app/backend/vector_db.go:54.2,56.33 3 1
wails-app/backend/vector_db.go:56.33,57.48 1 0
wails-app/backend/vector_db.go:57.48,61.4 3 0
wails-app/backend/vector_db.go:65.2,73.16 2 1
wails-app/backend/vector_db.go:73.16,75.3 1 0
wails-app/backend/vector_db.go:78.2,83.16 2 1
wails-app/backend/vector_db.go:83.16,85.3 1 0
wails-app/backend/vector_db.go:87.2,87.31 1 1
wails-app/backend/vector_db.go:91.34,93.2 1 1
wails-app/backend/vector_db.go:96.56,99.2 2 1
wails-app/backend/vector_db.go:101.55,106.24 2 1
wails-app/backend/vector_db.go:106.24,108.3 1 1
wails-app/backend/vector_db.go:109.2,109.17 1 1
wails-app/backend/vector_db.go:113.88,114.39 1 1
wails-app/backend/vector_db.go:114.39,116.3 1 1
wails-app/backend/vector_db.go:119.2,120.16 2 1
wails-app/backend/vector_db.go:120.16,122.3 1 0
wails-app/backend/vector_db.go:125.2,126.16 2 1
wails-app/backend/vector_db.go:126.16,128.3 1 0
wails-app/backend/vector_db.go:129.2,133.16 3 1
wails-app/backend/vector_db.go:133.16,135.3 1 0
wails-app/backend/vector_db.go:139.2,141.16 3 1
wails-app/backend/vector_db.go:141.16,143.3 1 0
wails-app/backend/vector_db.go:146.2,147.16 2 1
wails-app/backend/vector_db.go:147.16,149.3 1 0
wails-app/backend/vector_db.go:151.2,151.20 1 1
wails-app/backend/vector_db.go:155.93,156.35 1 1
wails-app/backend/vector_db.go:156.35,158.3 1 1
wails-app/backend/vector_db.go:160.2,161.16 2 1
wails-app/backend/vector_db.go:161.16,163.3 1 0
wails-app/backend/vector_db.go:165.2,177.16 2 1
wails-app/backend/vector_db.go:177.16,179.3 1 0
wails-app/backend/vector_db.go:180.2,183.18 3 1
wails-app/backend/vector_db.go:183.18,185.108 2 1
wails-app/backend/vector_db.go:185.108,187.4 1 0
wails-app/backend/vector_db.go:188.3,188.33 1 1
wails-app/backend/vector_db.go:191.2,191.35 1 1
wails-app/backend/vector_db.go:191.35,193.3 1 0
wails-app/backend/vector_db.go:195.2,195.21 1 1
wails-app/backend/vector_db.go:204.93,206.37 2 1
wails-app/backend/vector_db.go:206.37,208.3 1 1
wails-app/backend/vector_db.go:212.2,212.45 1 1
wails-app/backend/vector_db.go:212.45,214.3 1 1
wails-app/backend/vector_db.go:216.2,217.75 2 1
wails-app/backend/vector_db.go:217.75,218.45 1 1
wails-app/backend/vector_db.go:218.45,220.4 1 1
wails-app/backend/vector_db.go:223.2,223.18 1 1
wails-app/backend/vector_db.go:230.57,232.33 2 1
wails-app/backend/vector_db.go:232.33,234.3 1 1
wails-app/backend/vector_db.go:236.2,242.57 3 1
wails-app/backend/vector_db.go:246.118,248.16 2 0
wails-app/backend/vector_db.go:248.16,250.3 1 0
wails-app/backend/vector_db.go:252.2,253.30 2 0
wails-app/backend/vector_db.go:253.30,254.40 1 0
wails-app/backend/vector_db.go:254.40,256.4 1 0
wails-app/backend/vector_db.go:259.2,259.22 1 0
wails-app/backend/vector_db.go:263.91,264.39 1 0
wails-app/backend/vector_db.go:264.39,266.3 1 0
wails-app/backend/vector_db.go:268.2,269.16 2 0
wails-app/backend/vector_db.go:269.16,271.3 1 0
wails-app/backend/vector_db.go:273.2,274.16 2 0
wails-app/backend/vector_db.go:274.16,276.3 1 0
wails-app/backend/vector_db.go:277.2,282.16 4 0
wails-app/backend/vector_db.go:282.16,284.3 1 0
wails-app/backend/vector_db.go:286.2,288.16 3 0
wails-app/backend/vector_db.go:288.16,290.3 1 0
wails-app/backend/vector_db.go:292.2,293.16 2 0
wails-app/backend/vector_db.go:293.16,295.3 1 0
wails-app/backend/vector_db.go:297.2,297.20 1 0
wails-app/backend/vector_db.go:301.56,303.16 2 0
wails-app/backend/vector_db.go:303.16,305.3 1 0
wails-app/backend/vector_db.go:306.2,309.18 3 0
wails-app/backend/vector_db.go:309.18,311.39 2 0
wails-app/backend/vector_db.go:311.39,313.4 1 0
wails-app/backend/vector_db.go:315.2,315.19 1 0
wails-app/backend/vector_db.go:319.61,321.16 2 0
wails-app/backend/vector_db.go:321.16,323.3 1 0
wails-app/backend/vector_db.go:324.2,327.16 3 0
wails-app/backend/vector_db.go:327.16,329.3 1 0
wails-app/backend/vector_db.go:330.2,331.16 2 0
wails-app/backend/vector_db.go:331.16,333.3 1 0
wails-app/backend/vector_db.go:334.2,334.20 1 0
wails-app/backend/vector_db.go:338.35,341.16 3 0
wails-app/backend/vector_db.go:341.16,343.3 1 0
wails-app/backend/vector_db.go:344.2,344.14 1 0
wails-app/backend/vector_db.go:355.55,357.16 2 0
wails-app/backend/vector_db.go:357.16,359.3 1 0
wails-app/backend/vector_db.go:360.2,363.18 3 0
wails-app/backend/vector_db.go:363.18,366.51 3 0
wails-app/backend/vector_db.go:366.51,369.66 3 0
wails-app/backend/vector_db.go:369.66,370.47 1 0
wails-app/backend/vector_db.go:370.47,372.6 1 0
wails-app/backend/vector_db.go:375.4,375.92 1 0
wails-app/backend/vector_db.go:378.2,378.19 1 0
wails-app/backend/vector_db.go:382.48,384.16 2 0
wails-app/backend/vector_db.go:384.16,386.3 1 0
wails-app/backend/vector_db.go:387.2,391.16 4 0
wails-app/backend/vector_db.go:391.16,393.3 1 0
wails-app/backend/vector_db.go:394.2,395.20 2 0
wails-app/backend/vector_db.go:399.37,401.16 2 0
wails-app/backend/vector_db.go:401.16,403.3 1 0
wails-app/backend/vector_db.go:404.2,408.20 4 0
wails-app/backend/auth/auth.go:32.37,34.16 2 1
wails-app/backend/auth/auth.go:34.16,36.3 1 1
wails-app/backend/auth/auth.go:39.2,41.44 3 1
wails-app/backend/auth/auth.go:51.36,53.2 1 1
wails-app/backend/auth/auth.go:56.34,58.16 2 1
wails-app/backend/auth/auth.go:58.16,59.33 1 1
wails-app/backend/auth/auth.go:59.33,61.4 1 1
wails-app/backend/auth/auth.go:62.3,62.17 1 1
wails-app/backend/auth/auth.go:64.2,64.19 1 1
wails-app/backend/auth/auth.go:68.26,70.16 2 1
wails-app/backend/auth/auth.go:70.16,71.33 1 1
wails-app/backend/auth/auth.go:71.33,73.4 1 1
wails-app/backend/auth/auth.go:74.3,74.13 1 1
wails-app/backend/auth/auth.go:76.2,76.12 1 1
wails-app/backend/auth/auth.go:80.39,82.2 1 1
wails-app/backend/auth/auth.go:85.39,87.16 2 1
wails-app/backend/auth/auth.go:87.16,88.33 1 1
wails-app/backend/auth/auth.go:88.33,90.4 1 1
wails-app/backend/auth/auth.go:91.3,91.17 1 1
wails-app/backend/auth/auth.go:93.2,93.17 1 1
wails-app/backend/auth/auth.go:102.31,104.16 2 1
wails-app/backend/auth/auth.go:104.16,105.33 1 1
wails-app/backend/auth/auth.go:105.33,107.4 1 1
wails-app/backend/auth/auth.go:108.3,108.13 1 1
wails-app/backend/auth/auth.go:110.2,110.12 1 1
wails-app/backend/auth/auth.go:119.75,128.75 5 1
wails-app/backend/auth/auth.go:128.75,129.33 1 1
wails-app/backend/auth/auth.go:129.33,151.4 4 1
wails-app/backend/auth/auth.go:153.3,153.34 1 1
wails-app/backend/auth/auth.go:153.34,156.18 3 1
wails-app/backend/auth/auth.go:156.18,160.5 3 1
wails-app/backend/auth/auth.go:162.4,162.54 1 1
wails-app/backend/auth/auth.go:162.54,166.5 3 1
wails-app/backend/auth/auth.go:168.4,170.10 3 1
wails-app/backend/auth/auth.go:173.3,173.67 1 1
wails-app/backend/auth/auth.go:176.2,181.12 2 1
wails-app/backend/auth/auth.go:181.12,182.80 1 1
wails-app/backend/auth/auth.go:182.80,184.4 1 1
wails-app/backend/auth/auth.go:187.2,188.30 2 1
wails-app/backend/auth/auth.go:188.30,190.3 1 1
wails-app/backend/auth/auth.go:190.8,190.36 1 1
wails-app/backend/auth/auth.go:190.36,192.3 1 1
wails-app/backend/auth/auth.go:192.8,194.3 1 1
wails-app/backend/auth/auth.go:196.2,196.36 1 1
wails-app/backend/auth/auth.go:196.36,199.3 2 1
wails-app/backend/auth/auth.go:201.2,204.9 3 1
wails-app/backend/auth/auth.go:205.28,207.50 2 1
wails-app/backend/auth/auth.go:208.26,210.21 2 1
wails-app/backend/auth/auth.go:211.20,213.52 2 1
wails-app/backend/auth/lemonsqueezy.go:44.91,51.16 6 1
wails-app/backend/auth/lemonsqueezy.go:51.16,53.3 1 1
wails-app/backend/auth/lemonsqueezy.go:54.2,59.16 5 1
wails-app/backend/auth/lemonsqueezy.go:59.16,61.3 1 1
wails-app/backend/auth/lemonsqueezy.go:62.2,65.16 3 1
wails-app/backend/auth/lemonsqueezy.go:65.16,67.3 1 1
wails-app/backend/auth/lemonsqueezy.go:69.2,70.50 2 1
wails-app/backend/auth/lemonsqueezy.go:70.50,72.3 1 1
wails-app/backend/auth/lemonsqueezy.go:74.2,74.54 1 1
wails-app/backend/auth/lemonsqueezy.go:74.54,76.25 2 1
wails-app/backend/auth/lemonsqueezy.go:76.25,78.4 1 1
wails-app/backend/auth/lemonsqueezy.go:79.3,79.33 1 1
wails-app/backend/auth/lemonsqueezy.go:82.2,83.18 2 1
wails-app/backend/auth/lemonsqueezy.go:83.18,85.3 1 1
wails-app/backend/auth/lemonsqueezy.go:86.2,86.63 1 1
wails-app/backend/auth/lemonsqueezy.go:90.64,97.16 6 1
wails-app/backend/auth/lemonsqueezy.go:97.16,99.3 1 1
wails-app/backend/auth/lemonsqueezy.go:100.2,105.16 5 1
wails-app/backend/auth/lemonsqueezy.go:105.16,107.3 1 1
wails-app/backend/auth/lemonsqueezy.go:108.2,111.16 3 1
wails-app/backend/auth/lemonsqueezy.go:111.16,113.3 1 1
wails-app/backend/auth/lemonsqueezy.go:115.2,116.50 2 1
wails-app/backend/auth/lemonsqueezy.go:116.50,118.3 1 1
wails-app/backend/auth/lemonsqueezy.go:120.2,120.56 1 1
wails-app/backend/auth/lemonsqueezy.go:120.56,122.3 1 1
wails-app/backend/auth/lemonsqueezy.go:124.2,125.18 2 1
wails-app/backend/auth/lemonsqueezy.go:125.18,127.3 1 1
wails-app/backend/auth/lemonsqueezy.go:128.2,128.54 1 1
wails-app/backend/auth/lemonsqueezy.go:132.63,138.16 5 1
wails-app/backend/auth/lemonsqueezy.go:138.16,140.3 1 1
wails-app/backend/auth/lemonsqueezy.go:141.2,146.16 5 1
wails-app/backend/auth/lemonsqueezy.go:146.16,148.3 1 1
wails-app/backend/auth/lemonsqueezy.go:149.2,152.16 3 1
wails-app/backend/auth/lemonsqueezy.go:152.16,154.3 1 1
wails-app/backend/auth/lemonsqueezy.go:156.2,157.50 2 1
wails-app/backend/auth/lemonsqueezy.go:157.50,159.3 1 1
wails-app/backend/auth/lemonsqueezy.go:161.2,161.56 1 1
wails-app/backend/auth/lemonsqueezy.go:161.56,163.3 1 1
wails-app/backend/auth/lemonsqueezy.go:165.2,165.20 1 1
wails-app/backend/auth/lemonsqueezy.go:165.20,167.3 1 1
wails-app/backend/auth/lemonsqueezy.go:169.2,169.23 1 1
wails-app/backend/audio/capture.go:29.40,31.2 1 1
wails-app/backend/audio/capture.go:34.44,38.21 3 1
wails-app/backend/audio/capture.go:38.21,40.3 1 1
wails-app/backend/audio/capture.go:42.2,42.81 1 1
wails-app/backend/audio/capture.go:42.81,44.3 1 1
wails-app/backend/audio/capture.go:45.2,45.16 1 1
wails-app/backend/audio/capture.go:45.16,47.3 1 0
wails-app/backend/audio/capture.go:49.2,51.12 3 1
wails-app/backend/audio/capture.go:55.43,59.22 3 1
wails-app/backend/audio/capture.go:59.22,61.3 1 1
wails-app/backend/audio/capture.go:63.2,65.18 2 1
wails-app/backend/audio/capture.go:65.18,68.3 2 1
wails-app/backend/audio/capture.go:69.2,70.12 2 1
wails-app/backend/audio/capture.go:74.61,78.22 3 1
wails-app/backend/audio/capture.go:78.22,80.3 1 1
wails-app/backend/audio/capture.go:83.2,84.16 2 1
wails-app/backend/audio/capture.go:84.16,86.3 1 0
wails-app/backend/audio/capture.go:89.2,90.16 2 1
wails-app/backend/audio/capture.go:90.16,92.3 1 0
wails-app/backend/audio/capture.go:94.2,98.38 3 1
wails-app/backend/audio/capture.go:98.38,106.3 2 1
wails-app/backend/audio/capture.go:109.2,109.39 1 1
wails-app/backend/audio/capture.go:109.39,117.3 2 1
wails-app/backend/audio/capture.go:119.2,119.26 1 1
wails-app/backend/audio/capture.go:125.101,129.22 3 1
wails-app/backend/audio/capture.go:129.22,131.3 1 1
wails-app/backend/audio/capture.go:133.2,141.16 6 1
wails-app/backend/audio/capture.go:141.16,146.3 4 0
wails-app/backend/audio/capture.go:149.2,149.52 1 1
wails-app/backend/audio/capture.go:149.52,151.3 1 1
wails-app/backend/audio/capture.go:152.2,152.19 1 0
wails-app/backend/audio/capture.go:152.19,154.17 2 0
wails-app/backend/audio/capture.go:154.17,156.4 1 0
wails-app/backend/audio/capture.go:156.9,158.4 1 0
wails-app/backend/audio/capture.go:161.2,162.79 2 0
wails-app/backend/audio/capture.go:162.79,164.3 1 0
wails-app/backend/audio/capture.go:166.2,171.16 3 0
wails-app/backend/audio/capture.go:171.16,173.3 1 0
wails-app/backend/audio/capture.go:175.2,176.16 2 0
wails-app/backend/audio/capture.go:176.16,179.3 2 0
wails-app/backend/audio/capture.go:181.2,182.12 2 0
wails-app/backend/audio/capture.go:186.45,190.22 3 1
wails-app/backend/audio/capture.go:190.22,192.3 1 1
wails-app/backend/audio/capture.go:194.2,194.32 1 1
wails-app/backend/audio/capture.go:198.44,203.2 3 1
wails-app/backend/audio/capture.go:206.32,208.2 1 1
wails-app/backend/audio/capture.go:211.53,212.21 1 1
wails-app/backend/audio/capture.go:212.21,216.3 3 0
wails-app/backend/audio/capture.go:217.2,217.12 1 1
wails-app/backend/audio/processor.go:21.66,23.62 2 1
wails-app/backend/audio/processor.go:23.62,24.61 1 1
wails-app/backend/audio/processor.go:24.61,26.4 1 1
wails-app/backend/audio/processor.go:28.2,32.3 1 1
wails-app/backend/audio/processor.go:35.56,36.29 1 1
wails-app/backend/audio/processor.go:36.29,38.3 1 1
wails-app/backend/audio/processor.go:40.2,42.35 3 1
wails-app/backend/audio/processor.go:42.35,45.3 2 1
wails-app/backend/audio/processor.go:47.2,48.28 2 1
wails-app/backend/audio/processor.go:48.28,50.3 1 1
wails-app/backend/audio/processor.go:51.2,52.22 2 1
wails-app/backend/audio/processor.go:52.22,54.3 1 1
wails-app/backend/audio/processor.go:56.2,59.18 3 1
wails-app/backend/audio/processor.go:59.18,62.3 2 1
wails-app/backend/audio/processor.go:64.2,66.35 2 1
wails-app/backend/audio/processor.go:66.35,69.3 2 1
wails-app/backend/audio/processor.go:69.8,69.123 1 1
wails-app/backend/audio/processor.go:69.123,72.3 2 1
wails-app/backend/audio/processor.go:74.2,74.17 1 1
wails-app/backend/audio/processor.go:74.17,85.3 7 1
wails-app/backend/filter/classifier.go:98.22,101.42 2 1
wails-app/backend/filter/classifier.go:101.42,103.33 2 1
wails-app/backend/filter/classifier.go:103.33,105.23 2 1
wails-app/backend/filter/classifier.go:105.23,107.5 1 1
wails-app/backend/filter/classifier.go:110.3,110.26 1 1
wails-app/backend/filter/classifier.go:110.26,112.35 2 1
wails-app/backend/filter/classifier.go:112.35,113.30 1 1
wails-app/backend/filter/classifier.go:113.30,115.6 1 1
wails-app/backend/filter/classifier.go:117.4,117.29 1 1
wails-app/backend/filter/classifier.go:117.29,119.5 1 1
wails-app/backend/filter/classifier.go:120.4,120.34 1 1
wails-app/backend/filter/classifier.go:125.43,128.50 2 1
wails-app/backend/filter/classifier.go:128.50,130.3 1 1
wails-app/backend/filter/classifier.go:132.2,135.44 3 1
wails-app/backend/filter/classifier.go:135.44,137.24 2 1
wails-app/backend/filter/classifier.go:137.24,140.4 2 1
wails-app/backend/filter/classifier.go:143.2,143.21 1 1
wails-app/backend/filter/filter.go:31.47,32.37 1 1
wails-app/backend/filter/filter.go:32.37,34.3 1 1
wails-app/backend/filter/filter.go:35.2,36.30 2 1
wails-app/backend/filter/filter.go:36.30,40.3 3 1
wails-app/backend/filter/filter.go:41.2,41.30 1 1
wails-app/backend/filter/filter.go:41.30,43.3 1 1
wails-app/backend/filter/filter.go:44.2,44.82 1 1
wails-app/backend/filter/filter.go:47.34,50.2 2 1
wails-app/backend/filter/filter.go:52.36,54.2 1 1
wails-app/backend/filter/filter.go:56.59,60.23 3 1
wails-app/backend/filter/filter.go:60.23,61.56 1 1
wails-app/backend/filter/filter.go:61.56,63.4 1 1
wails-app/backend/filter/filter.go:65.2,65.33 1 1
wails-app/backend/filter/filter.go:65.33,68.3 2 1
wails-app/backend/filter/filter.go:71.2,72.28 2 1
wails-app/backend/filter/filter.go:72.28,75.3 2 1
wails-app/backend/filter/filter.go:78.2,79.31 2 1
wails-app/backend/filter/filter.go:79.31,82.3 2 1
wails-app/backend/filter/filter.go:84.2,85.51 2 1
wails-app/backend/llm/openai.go:17.53,18.38 1 1
wails-app/backend/llm/openai.go:18.38,20.3 1 1
wails-app/backend/llm/openai.go:21.2,21.19 1 1
wails-app/backend/llm/openai.go:47.94,49.3 1 1
wails-app/backend/llm/openai.go:54.34,56.2 1 1
wails-app/backend/llm/openai.go:79.130,80.15 1 1
wails-app/backend/llm/openai.go:80.15,81.20 1 1
wails-app/backend/llm/openai.go:81.20,83.4 1 1
wails-app/backend/llm/openai.go:86.2,87.26 2 1
wails-app/backend/llm/openai.go:87.26,90.3 2 0
wails-app/backend/llm/openai.go:90.8,92.19 2 1
wails-app/backend/llm/openai.go:92.19,94.4 1 1
wails-app/backend/llm/openai.go:95.3,95.73 1 1
wails-app/backend/llm/openai.go:97.2,99.38 2 1
wails-app/backend/llm/openai.go:99.38,101.3 1 1
wails-app/backend/llm/openai.go:102.2,104.18 2 1
wails-app/backend/llm/openai.go:104.18,106.3 1 1
wails-app/backend/llm/openai.go:108.2,135.16 3 1
wails-app/backend/llm/openai.go:135.16,137.3 1 1
wails-app/backend/llm/openai.go:139.2,140.16 2 1
wails-app/backend/llm/openai.go:140.16,142.3 1 1
wails-app/backend/llm/openai.go:144.2,149.16 5 1
wails-app/backend/llm/openai.go:149.16,151.3 1 1
wails-app/backend/llm/openai.go:152.2,154.38 2 1
wails-app/backend/llm/openai.go:154.38,156.3 1 1
wails-app/backend/llm/openai.go:158.2,162.21 4 1
wails-app/backend/llm/openai.go:162.21,166.17 3 1
wails-app/backend/llm/openai.go:166.17,167.12 1 1
wails-app/backend/llm/openai.go:170.3,170.40 1 1
wails-app/backend/llm/openai.go:170.40,172.24 2 1
wails-app/backend/llm/openai.go:172.24,173.10 1 1
wails-app/backend/llm/openai.go:176.4,177.63 2 1
wails-app/backend/llm/openai.go:177.63,178.13 1 1
wails-app/backend/llm/openai.go:181.4,181.30 1 1
wails-app/backend/llm/openai.go:181.30,184.39 3 1
wails-app/backend/llm/openai.go:184.39,185.93 1 1
wails-app/backend/llm/openai.go:185.93,188.7 2 1
wails-app/backend/llm/openai.go:194.2,196.38 2 1
wails-app/backend/llm/openai.go:196.38,198.3 1 1
wails-app/backend/llm/openai.go:200.2,200.12 1 1
wails-app/backend/llm/openai.go:203.157,204.15 1 1
wails-app/backend/llm/openai.go:204.15,205.20 1 1
wails-app/backend/llm/openai.go:205.20,207.4 1 1
wails-app/backend/llm/openai.go:210.2,211.26 2 1
wails-app/backend/llm/openai.go:211.26,214.3 2 0
wails-app/backend/llm/openai.go:214.8,216.19 2 1
wails-app/backend/llm/openai.go:216.19,218.4 1 1
wails-app/backend/llm/openai.go:219.3,219.73 1 1
wails-app/backend/llm/openai.go:221.2,223.38 2 1
wails-app/backend/llm/openai.go:223.38,225.3 1 1
wails-app/backend/llm/openai.go:226.2,240.16 8 1
wails-app/backend/llm/openai.go:240.16,242.3 1 1
wails-app/backend/llm/openai.go:244.2,245.16 2 1
wails-app/backend/llm/openai.go:245.16,247.3 1 1
wails-app/backend/llm/openai.go:249.2,255.16 6 1
wails-app/backend/llm/openai.go:255.16,257.3 1 1
wails-app/backend/llm/openai.go:258.2,260.38 2 1
wails-app/backend/llm/openai.go:260.38,262.3 1 1
wails-app/backend/llm/openai.go:264.2,268.21 4 1
wails-app/backend/llm/openai.go:268.21,272.17 3 1
wails-app/backend/llm/openai.go:272.17,273.12 1 1
wails-app/backend/llm/openai.go:276.3,276.40 1 1
wails-app/backend/llm/openai.go:276.40,278.24 2 1
wails-app/backend/llm/openai.go:278.24,279.10 1 1
wails-app/backend/llm/openai.go:282.4,283.63 2 1
wails-app/backend/llm/openai.go:283.63,284.13 1 1
wails-app/backend/llm/openai.go:287.4,287.30 1 1
wails-app/backend/llm/openai.go:287.30,291.39 3 1
wails-app/backend/llm/openai.go:291.39,292.93 1 1
wails-app/backend/llm/openai.go:292.93,295.7 2 1
wails-app/backend/llm/openai.go:301.2,303.38 2 1
wails-app/backend/llm/openai.go:303.38,305.3 1 1
wails-app/backend/llm/openai.go:307.2,307.12 1 1
wails-app/backend/llm/openai.go:310.106,312.2 1 1
wails-app/backend/llm/prompts.go:52.48,53.97 1 1
wails-app/backend/llm/prompts.go:53.97,55.3 1 1
wails-app/backend/llm/prompts.go:56.2,56.28 1 1
wails-app/backend/llm/scorecard.go:35.80,37.9 2 1
wails-app/backend/llm/scorecard.go:37.9,39.3 1 1
wails-app/backend/llm/scorecard.go:41.2,43.61 2 1
wails-app/backend/llm/scorecard.go:43.61,49.3 4 1
wails-app/backend/llm/scorecard.go:51.2,51.22 1 1
wails-app/backend/llm/scorecard.go:51.22,52.31 1 1
wails-app/backend/llm/scorecard.go:52.31,54.11 2 1
wails-app/backend/llm/scorecard.go:54.11,55.13 1 1
wails-app/backend/llm/scorecard.go:57.4,57.27 1 1
wails-app/backend/llm/scorecard.go:59.8,59.55 1 1
wails-app/backend/llm/scorecard.go:59.55,61.17 2 1
wails-app/backend/llm/scorecard.go:61.17,63.58 2 1
wails-app/backend/llm/scorecard.go:63.58,64.41 1 1
wails-app/backend/llm/scorecard.go:64.41,66.6 1 1
wails-app/backend/llm/scorecard.go:71.2,72.22 2 1
wails-app/backend/llm/scorecard.go:72.22,74.3 1 1
wails-app/backend/llm/scorecard.go:76.2,115.101 4 1
wails-app/backend/llm/scorecard.go:115.101,117.3 1 1
wails-app/backend/llm/scorecard.go:117.13,117.14 0 1
wails-app/backend/llm/scorecard.go:119.2,119.16 1 1
wails-app/backend/llm/scorecard.go:119.16,121.3 1 1
wails-app/backend/llm/scorecard.go:123.2,124.42 2 1
wails-app/backend/llm/scorecard.go:124.42,127.3 2 1
wails-app/backend/llm/scorecard.go:127.8,127.45 1 1
wails-app/backend/llm/scorecard.go:127.45,130.3 2 1
wails-app/backend/llm/scorecard.go:131.2,134.67 3 1
wails-app/backend/llm/scorecard.go:134.67,136.3 1 1
wails-app/backend/llm/scorecard.go:138.2,138.24 1 1
wails-app/backend/parser/parser.go:24.61,26.16 2 1
wails-app/backend/parser/parser.go:26.16,28.3 1 1
wails-app/backend/parser/parser.go:29.2,29.26 1 1
wails-app/backend/parser/parser.go:35.60,37.16 2 1
wails-app/backend/parser/parser.go:37.16,39.3 1 1
wails-app/backend/parser/parser.go:40.2,44.16 4 0
wails-app/backend/parser/parser.go:44.16,46.3 1 0
wails-app/backend/parser/parser.go:47.2,49.26 2 0
wails-app/backend/parser/parser.go:55.61,57.16 2 1
wails-app/backend/parser/parser.go:57.16,59.3 1 1
wails-app/backend/parser/parser.go:60.2,64.27 3 1
wails-app/backend/parser/parser.go:64.27,66.89 1 1
wails-app/backend/parser/parser.go:66.89,68.70 1 1
wails-app/backend/parser/parser.go:68.70,69.13 1 0
wails-app/backend/parser/parser.go:72.4,73.18 2 1
wails-app/backend/parser/parser.go:73.18,75.5 1 0
wails-app/backend/parser/parser.go:78.4,79.8 2 1
wails-app/backend/parser/parser.go:79.8,81.22 2 1
wails-app/backend/parser/parser.go:81.22,82.11 1 1
wails-app/backend/parser/parser.go:84.5,84.19 1 1
wails-app/backend/parser/parser.go:84.19,87.6 2 1
wails-app/backend/parser/parser.go:89.5,89.27 1 1
wails-app/backend/parser/parser.go:90.23,92.19 2 1
wails-app/backend/parser/parser.go:92.19,94.7 1 1
wails-app/backend/parser/parser.go:97.4,98.14 2 1
wails-app/backend/parser/parser.go:102.2,102.53 1 1
wails-app/backend/parser/parser.go:111.30,120.2 1 1
wails-app/backend/parser/parser.go:123.71,125.46 2 1
wails-app/backend/parser/parser.go:125.46,127.3 1 1
wails-app/backend/parser/parser.go:128.2,128.66 1 1
wails-app/backend/parser/parser.go:132.53,135.16 3 1
wails-app/backend/parser/parser.go:135.16,137.3 1 1
wails-app/backend/parser/parser.go:138.2,138.31 1 1
wails-app/backend/remote/server.go:26.84,32.44 1 1
wails-app/backend/remote/server.go:32.44,34.5 1 1
wails-app/backend/remote/server.go:38.2,39.15 2 1
wails-app/backend/remote/server.go:39.15,41.3 1 1
wails-app/backend/remote/server.go:42.2,52.10 6 1
wails-app/backend/remote/server.go:55.75,56.33 1 1
wails-app/backend/remote/server.go:56.33,59.3 2 1
wails-app/backend/remote/server.go:61.2,61.29 1 1
wails-app/backend/remote/server.go:61.29,64.3 2 0
wails-app/backend/remote/server.go:66.2,68.20 3 1
wails-app/backend/remote/server.go:68.20,75.3 3 1
wails-app/backend/remote/server.go:77.2,78.16 2 0
wails-app/backend/remote/server.go:78.16,81.3 2 0
wails-app/backend/remote/server.go:84.2,89.49 4 0
wails-app/backend/remote/server.go:89.49,90.32 1 0
wails-app/backend/remote/server.go:90.32,92.9 2 0
wails-app/backend/remote/server.go:96.2,96.51 1 0
wails-app/backend/remote/server.go:96.51,97.55 1 0
wails-app/backend/remote/server.go:97.55,99.4 1 0
wails-app/backend/remote/server.go:101.3,106.68 2 0
wails-app/backend/remote/server.go:106.68,108.4 1 0
wails-app/backend/remote/server.go:111.2,115.4 2 0
wails-app/backend/remote/server.go:118.79,119.32 1 1
wails-app/backend/remote/server.go:119.32,122.3 2 1
wails-app/backend/remote/server.go:124.2,125.54 2 1
wails-app/backend/remote/server.go:125.54,127.3 1 1
wails-app/backend/remote/server.go:129.2,129.22 1 1
wails-app/backend/remote/server.go:129.22,131.3 1 0
wails-app/backend/remote/server.go:133.2,134.38 2 1
wails-app/backend/remote/server.go:137.77,138.33 1 1
wails-app/backend/remote/server.go:138.33,141.3 2 1
wails-app/backend/remote/server.go:143.2,143.29 1 1
wails-app/backend/remote/server.go:143.29,145.3 1 1
wails-app/backend/remote/server.go:147.2,150.4 2 1
wails-app/backend/remote/server.go:153.67,155.16 2 1
wails-app/backend/remote/server.go:155.16,158.3 2 1
wails-app/backend/remote/server.go:160.2,164.15 4 1
wails-app/backend/remote/server.go:164.15,169.3 4 1
wails-app/backend/remote/server.go:171.2,171.6 1 1
wails-app/backend/remote/server.go:171.6,174.17 2 1
wails-app/backend/remote/server.go:174.17,175.9 1 1
wails-app/backend/remote/server.go:180.26,181.12 1 1
wails-app/backend/remote/server.go:181.12,182.96 1 1
wails-app/backend/remote/server.go:182.96,184.4 1 1
wails-app/backend/remote/server.go:188.50,190.30 2 1
wails-app/backend/remote/server.go:190.30,192.3 1 1
wails-app/backend/remote/server.go:193.2,195.35 2 1
wails-app/backend/remote/server.go:198.61,201.30 3 1
wails-app/backend/remote/server.go:201.30,203.17 2 1
wails-app/backend/remote/server.go:203.17,207.4 3 0
wails-app/backend/session/session.go:31.42,36.2 1 1
wails-app/backend/session/session.go:39.65,47.2 6 1
wails-app/backend/session/session.go:50.65,55.2 3 1
wails-app/backend/session/session.go:58.62,63.2 3 1
wails-app/backend/session/session.go:66.48,70.110 3 1
wails-app/backend/session/session.go:70.110,72.3 1 1
wails-app/backend/session/session.go:74.2,94.14 8 1
wails-app/backend/session/session.go:98.56,103.19 4 1
wails-app/backend/session/session.go:103.19,105.3 1 1
wails-app/backend/session/session.go:107.2,107.18 1 1
wails-app/backend/session/session.go:107.18,109.3 1 1
wails-app/backend/session/session.go:111.2,113.15 3 1
wails-app/backend/session/session.go:117.59,127.2 3 1
wails-app/backend/session/session.go:130.35,139.2 7 1
wails-app/backend/system/downloader.go:20.69,21.22 1 0
wails-app/backend/system/downloader.go:21.22,23.5 1 0
wails-app/backend/system/downloader.go:24.4,24.14 1 0
wails-app/backend/system/downloader.go:35.56,38.40 3 1
wails-app/backend/system/downloader.go:38.40,40.3 1 1
wails-app/backend/system/downloader.go:41.2,41.15 1 1
wails-app/backend/system/downloader.go:45.83,46.28 1 1
wails-app/backend/system/downloader.go:46.28,48.3 1 1
wails-app/backend/system/downloader.go:50.2,51.16 2 1
wails-app/backend/system/downloader.go:51.16,53.3 1 0
wails-app/backend/system/downloader.go:55.2,60.67 4 1
wails-app/backend/system/downloader.go:60.67,62.3 1 1
wails-app/backend/system/downloader.go:65.2,65.53 1 1
wails-app/backend/system/downloader.go:65.53,67.3 1 0
wails-app/backend/system/downloader.go:69.2,72.16 3 1
wails-app/backend/system/downloader.go:72.16,74.3 1 1
wails-app/backend/system/downloader.go:77.2,78.16 2 1
wails-app/backend/system/downloader.go:78.16,80.3 1 0
wails-app/backend/system/downloader.go:83.2,83.24 1 1
wails-app/backend/system/downloader.go:86.128,88.34 2 1
wails-app/backend/system/downloader.go:88.34,90.17 2 1
wails-app/backend/system/downloader.go:90.17,92.4 1 1
wails-app/backend/system/downloader.go:93.3,95.10 2 1
wails-app/backend/system/downloader.go:96.21,97.20 1 1
wails-app/backend/system/downloader.go:98.38,98.38 0 1
wails-app/backend/system/downloader.go:101.2,101.83 1 1
wails-app/backend/system/downloader.go:104.109,106.16 2 1
wails-app/backend/system/downloader.go:106.16,108.3 1 1
wails-app/backend/system/downloader.go:110.2,111.16 2 1
wails-app/backend/system/downloader.go:111.16,113.3 1 1
wails-app/backend/system/downloader.go:114.2,116.38 2 1
wails-app/backend/system/downloader.go:116.38,118.3 1 1
wails-app/backend/system/downloader.go:120.2,120.62 1 1
wails-app/backend/system/downloader.go:120.62,122.3 1 1
wails-app/backend/system/downloader.go:124.2,126.16 3 1
wails-app/backend/system/downloader.go:126.16,128.3 1 0
wails-app/backend/system/downloader.go:130.2,137.16 4 1
wails-app/backend/system/downloader.go:137.16,140.3 2 0
wails-app/backend/system/downloader.go:142.2,142.49 1 1
wails-app/backend/system/downloader.go:142.49,145.3 2 0
wails-app/backend/system/downloader.go:147.2,147.12 1 1
wails-app/backend/system/downloader.go:150.103,152.2 1 1
wails-app/backend/system/downloader.go:154.48,156.16 2 1
wails-app/backend/system/downloader.go:156.16,158.3 1 1
wails-app/backend/system/downloader.go:159.2,161.27 2 1
wails-app/backend/system/downloader.go:161.27,164.79 2 1
wails-app/backend/system/downloader.go:164.79,166.4 1 1
wails-app/backend/system/downloader.go:168.3,168.27 1 1
wails-app/backend/system/downloader.go:168.27,170.12 2 1
wails-app/backend/system/downloader.go:173.3,173.70 1 1
wails-app/backend/system/downloader.go:173.70,175.4 1 0
wails-app/backend/system/downloader.go:177.3,178.17 2 1
wails-app/backend/system/downloader.go:178.17,180.4 1 0
wails-app/backend/system/downloader.go:182.3,183.17 2 1
wails-app/backend/system/downloader.go:183.17,186.4 2 0
wails-app/backend/system/downloader.go:188.3,193.17 4 1
wails-app/backend/system/downloader.go:193.17,195.4 1 0
wails-app/backend/system/downloader.go:197.2,197.12 1 1
wails-app/backend/system/profiler.go:13.37,15.17 2 1
wails-app/backend/system/profiler.go:15.17,17.4 1 0
wails-app/backend/system/profiler.go:18.3,18.22 1 1
wails-app/backend/system/profiler.go:24.33,26.44 1 1
wails-app/backend/system/profiler.go:26.44,28.3 1 1
wails-app/backend/system/profiler.go:31.2,31.35 1 1
wails-app/backend/system/profiler.go:31.35,33.3 1 1
wails-app/backend/system/profiler.go:36.2,37.16 2 1
wails-app/backend/system/profiler.go:37.16,40.3 1 1
wails-app/backend/system/profiler.go:42.2,43.23 2 1
wails-app/backend/system/profiler.go:43.23,45.3 1 1
wails-app/backend/system/profiler.go:47.2,47.13 1 1
wails-app/backend/window/window.go:18.67,19.28 1 1
wails-app/backend/window/window.go:19.28,22.3 1 1
wails-app/backend/window/window.go:23.2,23.58 1 1
wails-app/backend/window/window.go:27.49,28.28 1 1
wails-app/backend/window/window.go:28.28,30.3 1 1
wails-app/backend/window/window.go:31.2,31.45 1 1
