mode: set
wails-app/adapters/llm/mock_adapter.go:22.9,24.18 2 1
wails-app/adapters/llm/mock_adapter.go:24.18,26.3 1 1
wails-app/adapters/llm/mock_adapter.go:27.2,27.31 1 1
wails-app/adapters/llm/mock_adapter.go:27.31,29.3 1 1
wails-app/adapters/llm/mock_adapter.go:30.2,31.12 2 1
wails-app/adapters/llm/mock_adapter.go:35.119,37.2 1 1
wails-app/adapters/llm/openai_adapter.go:13.40,15.2 1 1
wails-app/adapters/llm/openai_adapter.go:26.9,29.28 2 1
wails-app/adapters/llm/openai_adapter.go:29.28,31.3 1 1
wails-app/adapters/llm/openai_adapter.go:34.2,34.107 1 1
wails-app/adapters/llm/openai_adapter.go:43.9,45.2 1 1
