mode: set
/app/wails-app/backend/system/downloader.go:27.56,30.40 3 1
/app/wails-app/backend/system/downloader.go:30.40,32.3 1 1
/app/wails-app/backend/system/downloader.go:33.2,33.15 1 1
/app/wails-app/backend/system/downloader.go:37.83,38.28 1 1
/app/wails-app/backend/system/downloader.go:38.28,40.3 1 1
/app/wails-app/backend/system/downloader.go:42.2,43.16 2 1
/app/wails-app/backend/system/downloader.go:43.16,45.3 1 0
/app/wails-app/backend/system/downloader.go:47.2,52.67 4 1
/app/wails-app/backend/system/downloader.go:52.67,54.3 1 1
/app/wails-app/backend/system/downloader.go:57.2,57.53 1 1
/app/wails-app/backend/system/downloader.go:57.53,59.3 1 0
/app/wails-app/backend/system/downloader.go:61.2,64.16 3 1
/app/wails-app/backend/system/downloader.go:64.16,66.3 1 1
/app/wails-app/backend/system/downloader.go:69.2,70.16 2 1
/app/wails-app/backend/system/downloader.go:70.16,72.3 1 0
/app/wails-app/backend/system/downloader.go:75.2,75.24 1 1
/app/wails-app/backend/system/downloader.go:78.128,80.34 2 1
/app/wails-app/backend/system/downloader.go:80.34,82.17 2 1
/app/wails-app/backend/system/downloader.go:82.17,84.4 1 1
/app/wails-app/backend/system/downloader.go:85.3,87.10 2 1
/app/wails-app/backend/system/downloader.go:88.21,89.20 1 1
/app/wails-app/backend/system/downloader.go:90.38,90.38 0 1
/app/wails-app/backend/system/downloader.go:93.2,93.83 1 1
/app/wails-app/backend/system/downloader.go:96.103,98.16 2 1
/app/wails-app/backend/system/downloader.go:98.16,100.3 1 1
/app/wails-app/backend/system/downloader.go:102.2,103.16 2 1
/app/wails-app/backend/system/downloader.go:103.16,105.3 1 1
/app/wails-app/backend/system/downloader.go:106.2,108.38 2 1
/app/wails-app/backend/system/downloader.go:108.38,110.3 1 1
/app/wails-app/backend/system/downloader.go:112.2,113.16 2 1
/app/wails-app/backend/system/downloader.go:113.16,115.3 1 1
/app/wails-app/backend/system/downloader.go:116.2,124.16 4 1
/app/wails-app/backend/system/downloader.go:124.16,126.3 1 0
/app/wails-app/backend/system/downloader.go:128.2,128.12 1 1
/app/wails-app/backend/system/downloader.go:131.48,133.16 2 1
/app/wails-app/backend/system/downloader.go:133.16,135.3 1 1
/app/wails-app/backend/system/downloader.go:136.2,138.27 2 1
/app/wails-app/backend/system/downloader.go:138.27,141.79 2 1
/app/wails-app/backend/system/downloader.go:141.79,143.4 1 1
/app/wails-app/backend/system/downloader.go:145.3,145.27 1 1
/app/wails-app/backend/system/downloader.go:145.27,147.12 2 1
/app/wails-app/backend/system/downloader.go:150.3,150.70 1 1
/app/wails-app/backend/system/downloader.go:150.70,152.4 1 0
/app/wails-app/backend/system/downloader.go:154.3,155.17 2 1
/app/wails-app/backend/system/downloader.go:155.17,157.4 1 0
/app/wails-app/backend/system/downloader.go:159.3,160.17 2 1
/app/wails-app/backend/system/downloader.go:160.17,163.4 2 0
/app/wails-app/backend/system/downloader.go:165.3,170.17 4 1
/app/wails-app/backend/system/downloader.go:170.17,172.4 1 0
/app/wails-app/backend/system/downloader.go:174.2,174.12 1 1
/app/wails-app/backend/system/profiler.go:13.37,15.17 2 1
/app/wails-app/backend/system/profiler.go:15.17,17.4 1 0
/app/wails-app/backend/system/profiler.go:18.3,18.22 1 1
/app/wails-app/backend/system/profiler.go:24.33,26.44 1 1
/app/wails-app/backend/system/profiler.go:26.44,28.3 1 1
/app/wails-app/backend/system/profiler.go:31.2,31.35 1 1
/app/wails-app/backend/system/profiler.go:31.35,33.3 1 1
/app/wails-app/backend/system/profiler.go:36.2,37.16 2 1
/app/wails-app/backend/system/profiler.go:37.16,40.3 1 1
/app/wails-app/backend/system/profiler.go:42.2,43.23 2 1
/app/wails-app/backend/system/profiler.go:43.23,45.3 1 1
/app/wails-app/backend/system/profiler.go:47.2,47.13 1 1
